INFO-FLOW: Workspace /home/max/work/MaxConvNet/HLS/model/solution1 opened at Sun Aug 30 13:23:14 KST 2020
Execute     config_clock -quiet -name default -period 10 -default=false 
INFO: [SYN 201-201] Setting up clock 'default' with a period of 10ns.
Execute     open_platform DefaultPlatform 
Execute     import_lib /opt/xilinx/Vivado/2019.2/common/technology/xilinx/zynquplus/zynquplus 
Execute       source /opt/xilinx/Vivado/2019.2/common/technology/xilinx/common/xilinx.lib 
Execute         source /opt/xilinx/Vivado/2019.2/common/technology/xilinx/interface/xilinx_interface.lib 
Execute           source /opt/xilinx/Vivado/2019.2/common/technology/xilinx/interface/plb46.lib 
Execute           source /opt/xilinx/Vivado/2019.2/common/technology/xilinx/interface/fsl.lib 
Execute           source /opt/xilinx/Vivado/2019.2/common/technology/xilinx/interface/axi4.lib 
Execute           source /opt/xilinx/Vivado/2019.2/common/technology/xilinx/interface/maxi.lib 
Execute           source /opt/xilinx/Vivado/2019.2/common/technology/xilinx/interface/saxilite.lib 
Execute         source /opt/xilinx/Vivado/2019.2/common/technology/xilinx/common/dsp48.lib 
Execute         source /opt/xilinx/Vivado/2019.2/common/technology/xilinx/ip/xfir.lib 
Execute         source /opt/xilinx/Vivado/2019.2/common/technology/xilinx/ip/xfft.lib 
Execute         source /opt/xilinx/Vivado/2019.2/common/technology/xilinx/ip/dds_compiler.lib 
Execute       source /opt/xilinx/Vivado/2019.2/common/technology/xilinx/common/xilinx.hlp 
Execute         source /opt/xilinx/Vivado/2019.2/common/technology/xilinx/common/target_info.tcl 
Execute         source /opt/xilinx/Vivado/2019.2/common/technology/xilinx/interface/xilinx_interface.hlp 
Execute           source /opt/xilinx/Vivado/2019.2/common/technology/xilinx/interface/maxi.hlp 
Execute           source /opt/xilinx/Vivado/2019.2/common/technology/xilinx/interface/saxilite.hlp 
Execute         source /opt/xilinx/Vivado/2019.2/common/technology/xilinx/common/dsp48.hlp 
Execute       source /opt/xilinx/Vivado/2019.2/common/technology/xilinx/zynquplus/dsp48e2.hlp 
Execute       source /opt/xilinx/Vivado/2019.2/common/technology/xilinx/common/xilinx.hlp 
Execute         source /opt/xilinx/Vivado/2019.2/common/technology/xilinx/common/target_info.tcl 
Execute         source /opt/xilinx/Vivado/2019.2/common/technology/xilinx/interface/xilinx_interface.hlp 
Execute           source /opt/xilinx/Vivado/2019.2/common/technology/xilinx/interface/maxi.hlp 
Execute           source /opt/xilinx/Vivado/2019.2/common/technology/xilinx/interface/saxilite.hlp 
Execute         source /opt/xilinx/Vivado/2019.2/common/technology/xilinx/common/dsp48.hlp 
Execute     source /opt/xilinx/Vivado/2019.2/common/technology/xilinx/zynquplus/zynquplus.gen 
Execute       source /opt/xilinx/Vivado/2019.2/common/technology/xilinx/common/xilinx.gen 
Execute         source /opt/xilinx/Vivado/2019.2/common/technology/xilinx/interface/plb46.gen 
Execute         source /opt/xilinx/Vivado/2019.2/common/technology/xilinx/interface/fsl.gen 
Execute         source /opt/xilinx/Vivado/2019.2/common/technology/xilinx/interface/axi4.gen 
Execute         source /opt/xilinx/Vivado/2019.2/common/technology/xilinx/interface/nativeAXI4.gen 
Execute           source /opt/xilinx/Vivado/2019.2/common/technology/xilinx/interface/saxilite.gen 
Execute           source /opt/xilinx/Vivado/2019.2/common/technology/xilinx/interface/maxi.gen 
Execute         source /opt/xilinx/Vivado/2019.2/common/technology/xilinx/scripts/xilinxcoregen.gen 
Execute         source /opt/xilinx/Vivado/2019.2/common/technology/xilinx/interface/XilEDKCoreGen.gen 
Execute         source /opt/xilinx/Vivado/2019.2/common/technology/xilinx/ip/dds_compiler.gen 
Execute         source /opt/xilinx/Vivado/2019.2/common/technology/xilinx/ip/util.gen 
Execute         source /opt/xilinx/Vivado/2019.2/common/technology/xilinx/ip/xfft.gen 
Execute         source /opt/xilinx/Vivado/2019.2/common/technology/xilinx/ip/xfir.gen 
Execute         source /opt/xilinx/Vivado/2019.2/common/technology/xilinx/common/dsp48.gen 
Execute     open_platform DefaultPlatform 
Execute     import_lib /opt/xilinx/Vivado/2019.2/common/technology/xilinx/zynquplus/zynquplus_fpv7 
Execute       source /opt/xilinx/Vivado/2019.2/common/technology/xilinx/common/xilinx_fp.lib 
Execute       source /opt/xilinx/Vivado/2019.2/common/technology/xilinx/common/xilinx_fp.hlp 
Execute         source /opt/xilinx/Vivado/2019.2/common/technology/xilinx/common/xilinx.hlp 
Execute           source /opt/xilinx/Vivado/2019.2/common/technology/xilinx/common/target_info.tcl 
Execute           source /opt/xilinx/Vivado/2019.2/common/technology/xilinx/interface/xilinx_interface.hlp 
Execute             source /opt/xilinx/Vivado/2019.2/common/technology/xilinx/interface/maxi.hlp 
Execute             source /opt/xilinx/Vivado/2019.2/common/technology/xilinx/interface/saxilite.hlp 
Execute           source /opt/xilinx/Vivado/2019.2/common/technology/xilinx/common/dsp48.hlp 
Execute     source /opt/xilinx/Vivado/2019.2/common/technology/xilinx/zynquplus/zynquplus_fpv7.gen 
Execute       source /opt/xilinx/Vivado/2019.2/common/technology/xilinx/common/xilinx_fp.gen 
Execute     set_part xczu3eg-sbva484-1-e 
Execute       ap_part_info -name xczu3eg-sbva484-1-e -data single -quiet 
Command       ap_part_info done; 1.28 sec.
Execute       ap_part_info -name xczu3eg-sbva484-1-e -data info 
Execute       add_library xilinx/zynquplus/zynquplus:xczu3eg:-sbva484:-1-e 
Execute         get_default_platform 
Execute         ap_part_info -data single -name xczu3eg-sbva484-1-e 
Execute         ap_part_info -name xczu3eg-sbva484-1-e -data resources 
Execute         ap_part_info -name xczu3eg-sbva484-1-e -data info 
Execute         ap_part_info -name xczu3eg-sbva484-1-e -data info 
Execute         config_chip_info -quiet -resource {SLICE 8820} {LUT 70560} {FF 141120} {DSP48E 360} {BRAM 432} {URAM 0} 
Execute         ap_part_info -name xczu3eg-sbva484-1-e -data info 
Execute         config_chip_info -quiet -speed slow 
Execute       add_library xilinx/zynquplus/zynquplus_fpv7 
Execute         get_default_platform 
INFO: [HLS 200-10] Setting target device to 'xczu3eg-sbva484-1-e'
Execute       ap_part_info -name xczu3eg-sbva484-1-e -data info 
Execute       get_default_platform 
Command     set_part done; 1.37 sec.
Execute     ap_part_info -data single -name xczu3eg-sbva484-1-e 
Execute     ap_part_info -name xczu3eg-sbva484-1-e -data resources 
Execute     ap_part_info -name xczu3eg-sbva484-1-e -data info 
Execute     ap_part_info -name xczu3eg-sbva484-1-e -data info 
Execute     config_chip_info -quiet -resource {SLICE 8820} {LUT 70560} {FF 141120} {DSP48E 360} {BRAM 432} {URAM 0} 
Execute     ap_part_info -name xczu3eg-sbva484-1-e -data info 
Execute     config_chip_info -quiet -speed slow 
Command   open_solution done; 1.5 sec.
Execute   set_part xczu3eg-sbva484-1-e 
Execute     ap_part_info -name xczu3eg-sbva484-1-e -data single -quiet 
Execute     ap_part_info -name xczu3eg-sbva484-1-e -data info 
Execute     add_library xilinx/zynquplus/zynquplus:xczu3eg:-sbva484:-1-e 
Execute       get_default_platform 
Execute       ap_part_info -data single -name xczu3eg-sbva484-1-e 
Execute       ap_part_info -name xczu3eg-sbva484-1-e -data resources 
Execute       ap_part_info -name xczu3eg-sbva484-1-e -data info 
Execute       ap_part_info -name xczu3eg-sbva484-1-e -data info 
Execute       config_chip_info -quiet -resource {SLICE 8820} {LUT 70560} {FF 141120} {DSP48E 360} {BRAM 432} {URAM 0} 
Execute       ap_part_info -name xczu3eg-sbva484-1-e -data info 
Execute       config_chip_info -quiet -speed slow 
Execute     add_library xilinx/zynquplus/zynquplus_fpv7 
Execute       get_default_platform 
Execute     ap_part_info -name xczu3eg-sbva484-1-e -data info 
Execute     get_default_platform 
Execute   create_clock -period 10 -name default 
Execute   csynth_design 
Execute     get_config_compile -dump_cfg 
Execute     get_config_compile -effort 
Execute     get_config_compile -enable_clang39 
Execute     get_config_compile -g 
Execute     get_config_compile -ng 
Execute     get_config_compile -opt_fp 
Execute     get_config_compile -skip_cdt 
Execute     get_config_compile -skip_syncheck 
Execute     get_config_compile -skip_transform 
Execute     get_config_compile -keep_printf 
Execute     elaborate -effort=medium -skip_syncheck=0 -keep_printf=0 -skip_cdt=0 -skip_transform=0 -ng=0 -g=0 -opt_fp=0 -from_csynth_design=1 
Execute       get_config_schedule -relax_ii_for_timing 
INFO: [SCHED 204-61] Option 'relax_ii_for_timing' is enabled, will increase II to preserve clock frequency constraints.
Execute       get_config_schedule -suppress_dependence_error_break 
INFO: [HLS 200-10] Analyzing design file 'conv.cpp' ... 
INFO-FLOW: Compiling one TU...
Execute       is_m_axi_addr64 
INFO-FLOW: Handling conv.cpp as C++
Execute       ap_part_info -name xczu3eg-sbva484-1-e -data info 
Execute       is_encrypted conv.cpp 
Execute       ap_part_info -name xczu3eg-sbva484-1-e -data info 
INFO-FLOW: Running: GCC PP
INFO-FLOW: Source preprocessing
Execute       clang  -fno-limit-debug-info -gcc-toolchain "/opt/xilinx/Vivado/2019.2/lnx64/tools/gcc" -hls  -fno-exceptions  -D__llvm__  -E "conv.cpp"     -fno-math-errno -c -emit-llvm -O0  -mllvm -disable-llvm-optzns -fno-threadsafe-statics  -fno-use-cxa-atexit  -fno-threadsafe-statics -fno-use-cxa-atexit -D__CLANG_3_1__ -DAESL_SYN -D__SYNTHESIS__ -D__HLS_SYN__ -I "/opt/xilinx/Vivado/2019.2/common/technology/autopilot" -I "/opt/xilinx/Vivado/2019.2/common/technology/autopilot/ap_sysc" -include etc/autopilot_ssdm_op.h -D__DSP48E2__  -o "/home/max/work/MaxConvNet/HLS/model/solution1/.autopilot/db/conv.pp.0.cpp" 
INFO-FLOW: exec /opt/xilinx/Vivado/2019.2/lnx64/tools/clang/bin/clang -fno-limit-debug-info -gcc-toolchain /opt/xilinx/Vivado/2019.2/lnx64/tools/gcc -hls -fno-exceptions -D__llvm__ -E conv.cpp -fno-math-errno -c -emit-llvm -O0 -mllvm -disable-llvm-optzns -fno-threadsafe-statics -fno-use-cxa-atexit -fno-threadsafe-statics -fno-use-cxa-atexit -D__CLANG_3_1__ -DAESL_SYN -D__SYNTHESIS__ -D__HLS_SYN__ -I /opt/xilinx/Vivado/2019.2/common/technology/autopilot -I /opt/xilinx/Vivado/2019.2/common/technology/autopilot/ap_sysc -include etc/autopilot_ssdm_op.h -D__DSP48E2__ -o /home/max/work/MaxConvNet/HLS/model/solution1/.autopilot/db/conv.pp.0.cpp
Command       clang done; 1.38 sec.
Execute       tidy_31 xilinx-xfmat-array-geometry /home/max/work/MaxConvNet/HLS/model/solution1/.autopilot/db/conv.pp.0.cpp std=gnu++98 
INFO-FLOW: exec /opt/xilinx/Vivado/2019.2/lnx64/tools/clang-3.9-csynth/bin/tidy-3.1 -header-filter=.* -checks=-*,xilinx-xfmat-array-geometry -quiet -fix /home/max/work/MaxConvNet/HLS/model/solution1/.autopilot/db/conv.pp.0.cpp -- -std=gnu++98 -fhls -ferror-limit=0
Command       tidy_31 done; 0.13 sec.
INFO-FLOW: Syntax Checking before pre-processing...
Execute       clang -syntaxcheck -src /home/max/work/MaxConvNet/HLS/model/solution1/.autopilot/db/conv.pp.0.cpp  -fno-limit-debug-info -gcc-toolchain "/opt/xilinx/Vivado/2019.2/lnx64/tools/gcc" -hls    -fno-math-errno -c -emit-llvm -O0  -mllvm -disable-llvm-optzns -fno-threadsafe-statics  -fno-use-cxa-atexit  -fno-threadsafe-statics -fno-use-cxa-atexit -D__CLANG_3_1__ -DAESL_SYN -D__SYNTHESIS__ -D__HLS_SYN__ -I "/opt/xilinx/Vivado/2019.2/common/technology/autopilot" -I "/opt/xilinx/Vivado/2019.2/common/technology/autopilot/ap_sysc" -include etc/autopilot_ssdm_op.h -D__DSP48E2__  "/home/max/work/MaxConvNet/HLS/model/solution1/.autopilot/db/conv.pp.0.cpp"  -o "/home/max/work/MaxConvNet/HLS/model/solution1/.autopilot/db/useless.bc"  
INFO-FLOW: exec /opt/xilinx/Vivado/2019.2/lnx64/tools/clang/bin/clang -fno-limit-debug-info -gcc-toolchain /opt/xilinx/Vivado/2019.2/lnx64/tools/gcc -hls -fno-math-errno -c -emit-llvm -O0 -mllvm -disable-llvm-optzns -fno-threadsafe-statics -fno-use-cxa-atexit -fno-threadsafe-statics -fno-use-cxa-atexit -D__CLANG_3_1__ -DAESL_SYN -D__SYNTHESIS__ -D__HLS_SYN__ -I /opt/xilinx/Vivado/2019.2/common/technology/autopilot -I /opt/xilinx/Vivado/2019.2/common/technology/autopilot/ap_sysc -include etc/autopilot_ssdm_op.h -D__DSP48E2__ /home/max/work/MaxConvNet/HLS/model/solution1/.autopilot/db/conv.pp.0.cpp -o /home/max/work/MaxConvNet/HLS/model/solution1/.autopilot/db/useless.bc
Command       clang done; 1.29 sec.
INFO-FLOW: Done: GCC PP time: 2.8 seconds per iteration
Execute       source /opt/xilinx/Vivado/2019.2/tps/tcl/tcllib1.11.1/yaml/huddle.tcl 
Execute       source /opt/xilinx/Vivado/2019.2/tps/tcl/tcllib1.11.1/yaml/json2huddle.tcl 
Execute         source /opt/xilinx/Vivado/2019.2/tps/tcl/tcllib1.11.1/try/try.tcl 
Execute       list_core -type functional_unit 
Execute       tidy_31 xilinx-systemc-detector /home/max/work/MaxConvNet/HLS/model/solution1/.autopilot/db/conv.pp.0.cpp std=gnu++98 -directive=/home/max/work/MaxConvNet/HLS/model/solution1/.autopilot/db/.systemc_flag 
INFO-FLOW: exec /opt/xilinx/Vivado/2019.2/lnx64/tools/clang-3.9-csynth/bin/tidy-3.1 -header-filter=.* -checks=-*,xilinx-systemc-detector -import-directive=/home/max/work/MaxConvNet/HLS/model/solution1/.autopilot/db/.systemc_flag -quiet -fix-errors /home/max/work/MaxConvNet/HLS/model/solution1/.autopilot/db/conv.pp.0.cpp -- -std=gnu++98 -fhls -ferror-limit=0
INFO-FLOW: Running: tidy-3.1 CDT preprocess
Execute       tidy_31 xilinx-directive2pragma /home/max/work/MaxConvNet/HLS/model/solution1/.autopilot/db/conv.pp.0.cpp std=gnu++98 -directive=/home/max/work/MaxConvNet/HLS/model/solution1/.autopilot/db/all.directive.json 
INFO-FLOW: exec /opt/xilinx/Vivado/2019.2/lnx64/tools/clang-3.9-csynth/bin/tidy-3.1 -header-filter=.* -checks=-*,xilinx-directive2pragma -import-directive=/home/max/work/MaxConvNet/HLS/model/solution1/.autopilot/db/all.directive.json -quiet -fix-errors /home/max/work/MaxConvNet/HLS/model/solution1/.autopilot/db/conv.pp.0.cpp -- -std=gnu++98 -fhls -ferror-limit=0
Execute       get_config_dataflow -strict_mode 
Execute       ap_eval exec -ignorestderr /opt/xilinx/Vivado/2019.2/lnx64/tools/clang-3.9-csynth/bin/xilinx-dataflow-lawyer -export-fixes=/home/max/work/MaxConvNet/HLS/model/solution1/.autopilot/db/xilinx-dataflow-lawyer.conv.pp.0.cpp.diag.yml /home/max/work/MaxConvNet/HLS/model/solution1/.autopilot/db/conv.pp.0.cpp -- -std=gnu++98 -fhls -ferror-limit=0 -fstrict-dataflow > /home/max/work/MaxConvNet/HLS/model/solution1/.autopilot/db/xilinx-dataflow-lawyer.conv.pp.0.cpp.out.log 2> /home/max/work/MaxConvNet/HLS/model/solution1/.autopilot/db/xilinx-dataflow-lawyer.conv.pp.0.cpp.err.log 
Execute       tidy_31 -errorcheck xilinx-constantarray-param,xilinx-resource-pragma-transformer,xilinx-xfmat-array-geometry /home/max/work/MaxConvNet/HLS/model/solution1/.autopilot/db/conv.pp.0.cpp std=gnu++98 
Execute         ap_eval exec -ignorestderr /opt/xilinx/Vivado/2019.2/lnx64/tools/clang-3.9-csynth/bin/tidy-3.1 -export-fixes=/home/max/work/MaxConvNet/HLS/model/solution1/.autopilot/db/tidy-3.1.conv.pp.0.cpp.diag.yml -header-filter=.* -checks=-*,xilinx-constantarray-param,xilinx-resource-pragma-transformer,xilinx-xfmat-array-geometry -quiet -fix-errors /home/max/work/MaxConvNet/HLS/model/solution1/.autopilot/db/conv.pp.0.cpp -- -std=gnu++98 -fhls -ferror-limit=0 > /home/max/work/MaxConvNet/HLS/model/solution1/.autopilot/db/tidy-3.1.conv.pp.0.cpp.out.log 2> /home/max/work/MaxConvNet/HLS/model/solution1/.autopilot/db/tidy-3.1.conv.pp.0.cpp.err.log 
Execute         source /opt/xilinx/Vivado/2019.2/tps/tcl/tcllib1.11.1/yaml/yaml.tcl 
Execute           source /opt/xilinx/Vivado/2019.2/tps/tcl/tcllib1.11.1/cmdline/cmdline.tcl 
Execute         ap_eval exec -ignorestderr /opt/xilinx/Vivado/2019.2/lnx64/tools/clang-3.9-csynth/bin/xilinx-legacy-rewriter /home/max/work/MaxConvNet/HLS/model/solution1/.autopilot/db/conv.pp.0.cpp -- -std=gnu++98 -fhls -ferror-limit=0 > /home/max/work/MaxConvNet/HLS/model/solution1/.autopilot/db/xilinx-legacy-rewriter.conv.pp.0.cpp.out.log 2> /home/max/work/MaxConvNet/HLS/model/solution1/.autopilot/db/xilinx-legacy-rewriter.conv.pp.0.cpp.err.log 
Command       tidy_31 done; 0.15 sec.
INFO-FLOW: Done: tidy-3.1 CDT preprocess time: 0.2 seconds per iteration
INFO-FLOW: Pragma Handling...
Execute       tidy_31 xilinx-ssdm-intrinsics-arguments /home/max/work/MaxConvNet/HLS/model/solution1/.autopilot/db/conv.pragma.1.cpp std=gnu++98 
INFO-FLOW: exec /opt/xilinx/Vivado/2019.2/lnx64/tools/clang-3.9-csynth/bin/tidy-3.1 -header-filter=.* -checks=-*,xilinx-ssdm-intrinsics-arguments -quiet -fix-errors /home/max/work/MaxConvNet/HLS/model/solution1/.autopilot/db/conv.pragma.1.cpp -- -std=gnu++98 -fhls -ferror-limit=0
Execute       ap_part_info -name xczu3eg-sbva484-1-e -data info 
INFO-FLOW: Processing labels
Execute       clang -src /home/max/work/MaxConvNet/HLS/model/solution1/.autopilot/db/conv.pragma.2.cpp  -fno-limit-debug-info -gcc-toolchain /opt/xilinx/Vivado/2019.2/lnx64/tools/gcc -hls -hls-analyze-label -hls-analyze-pragma -fno-exceptions  -D__llvm__  -w  "/home/max/work/MaxConvNet/HLS/model/solution1/.autopilot/db/conv.pragma.2.cpp"    -fno-math-errno -c -emit-llvm -O0  -mllvm -disable-llvm-optzns -fno-threadsafe-statics  -fno-use-cxa-atexit -DAESL_SYN -D__SYNTHESIS__ -D__HLS_SYN__ -I "/opt/xilinx/Vivado/2019.2/common/technology/autopilot" -I "/opt/xilinx/Vivado/2019.2/common/technology/autopilot/ap_sysc" -include etc/autopilot_ssdm_op.h -D__DSP48E2__ -g -o "/home/max/work/MaxConvNet/HLS/model/solution1/.autopilot/db/conv.bc" 
INFO-FLOW: exec /opt/xilinx/Vivado/2019.2/lnx64/tools/clang/bin/clang -fno-limit-debug-info -gcc-toolchain /opt/xilinx/Vivado/2019.2/lnx64/tools/gcc -hls -hls-analyze-label -hls-analyze-pragma -fno-exceptions -D__llvm__ -w /home/max/work/MaxConvNet/HLS/model/solution1/.autopilot/db/conv.pragma.2.cpp -fno-math-errno -c -emit-llvm -O0 -mllvm -disable-llvm-optzns -fno-threadsafe-statics -fno-use-cxa-atexit -DAESL_SYN -D__SYNTHESIS__ -D__HLS_SYN__ -I /opt/xilinx/Vivado/2019.2/common/technology/autopilot -I /opt/xilinx/Vivado/2019.2/common/technology/autopilot/ap_sysc -include etc/autopilot_ssdm_op.h -D__DSP48E2__ -g -o /home/max/work/MaxConvNet/HLS/model/solution1/.autopilot/db/conv.bc
Command       clang done; 1.33 sec.
INFO: [HLS 200-10] Analyzing design file 'conv_net.cpp' ... 
INFO-FLOW: Compiling one TU...
Execute       is_m_axi_addr64 
INFO-FLOW: Handling conv_net.cpp as C++
Execute       ap_part_info -name xczu3eg-sbva484-1-e -data info 
Execute       is_encrypted conv_net.cpp 
Execute       ap_part_info -name xczu3eg-sbva484-1-e -data info 
INFO-FLOW: Running: GCC PP
INFO-FLOW: Source preprocessing
Execute       clang  -fno-limit-debug-info -gcc-toolchain "/opt/xilinx/Vivado/2019.2/lnx64/tools/gcc" -hls  -fno-exceptions  -D__llvm__  -E "conv_net.cpp"     -fno-math-errno -c -emit-llvm -O0  -mllvm -disable-llvm-optzns -fno-threadsafe-statics  -fno-use-cxa-atexit  -fno-threadsafe-statics -fno-use-cxa-atexit -D__CLANG_3_1__ -DAESL_SYN -D__SYNTHESIS__ -D__HLS_SYN__ -I "/opt/xilinx/Vivado/2019.2/common/technology/autopilot" -I "/opt/xilinx/Vivado/2019.2/common/technology/autopilot/ap_sysc" -include etc/autopilot_ssdm_op.h -D__DSP48E2__  -o "/home/max/work/MaxConvNet/HLS/model/solution1/.autopilot/db/conv_net.pp.0.cpp" 
INFO-FLOW: exec /opt/xilinx/Vivado/2019.2/lnx64/tools/clang/bin/clang -fno-limit-debug-info -gcc-toolchain /opt/xilinx/Vivado/2019.2/lnx64/tools/gcc -hls -fno-exceptions -D__llvm__ -E conv_net.cpp -fno-math-errno -c -emit-llvm -O0 -mllvm -disable-llvm-optzns -fno-threadsafe-statics -fno-use-cxa-atexit -fno-threadsafe-statics -fno-use-cxa-atexit -D__CLANG_3_1__ -DAESL_SYN -D__SYNTHESIS__ -D__HLS_SYN__ -I /opt/xilinx/Vivado/2019.2/common/technology/autopilot -I /opt/xilinx/Vivado/2019.2/common/technology/autopilot/ap_sysc -include etc/autopilot_ssdm_op.h -D__DSP48E2__ -o /home/max/work/MaxConvNet/HLS/model/solution1/.autopilot/db/conv_net.pp.0.cpp
Command       clang done; 1.41 sec.
Execute       tidy_31 xilinx-xfmat-array-geometry /home/max/work/MaxConvNet/HLS/model/solution1/.autopilot/db/conv_net.pp.0.cpp std=gnu++98 
INFO-FLOW: exec /opt/xilinx/Vivado/2019.2/lnx64/tools/clang-3.9-csynth/bin/tidy-3.1 -header-filter=.* -checks=-*,xilinx-xfmat-array-geometry -quiet -fix /home/max/work/MaxConvNet/HLS/model/solution1/.autopilot/db/conv_net.pp.0.cpp -- -std=gnu++98 -fhls -ferror-limit=0
Command       tidy_31 done; 0.18 sec.
INFO-FLOW: Syntax Checking before pre-processing...
Execute       clang -syntaxcheck -src /home/max/work/MaxConvNet/HLS/model/solution1/.autopilot/db/conv_net.pp.0.cpp  -fno-limit-debug-info -gcc-toolchain "/opt/xilinx/Vivado/2019.2/lnx64/tools/gcc" -hls    -fno-math-errno -c -emit-llvm -O0  -mllvm -disable-llvm-optzns -fno-threadsafe-statics  -fno-use-cxa-atexit  -fno-threadsafe-statics -fno-use-cxa-atexit -D__CLANG_3_1__ -DAESL_SYN -D__SYNTHESIS__ -D__HLS_SYN__ -I "/opt/xilinx/Vivado/2019.2/common/technology/autopilot" -I "/opt/xilinx/Vivado/2019.2/common/technology/autopilot/ap_sysc" -include etc/autopilot_ssdm_op.h -D__DSP48E2__  "/home/max/work/MaxConvNet/HLS/model/solution1/.autopilot/db/conv_net.pp.0.cpp"  -o "/home/max/work/MaxConvNet/HLS/model/solution1/.autopilot/db/useless.bc"  
INFO-FLOW: exec /opt/xilinx/Vivado/2019.2/lnx64/tools/clang/bin/clang -fno-limit-debug-info -gcc-toolchain /opt/xilinx/Vivado/2019.2/lnx64/tools/gcc -hls -fno-math-errno -c -emit-llvm -O0 -mllvm -disable-llvm-optzns -fno-threadsafe-statics -fno-use-cxa-atexit -fno-threadsafe-statics -fno-use-cxa-atexit -D__CLANG_3_1__ -DAESL_SYN -D__SYNTHESIS__ -D__HLS_SYN__ -I /opt/xilinx/Vivado/2019.2/common/technology/autopilot -I /opt/xilinx/Vivado/2019.2/common/technology/autopilot/ap_sysc -include etc/autopilot_ssdm_op.h -D__DSP48E2__ /home/max/work/MaxConvNet/HLS/model/solution1/.autopilot/db/conv_net.pp.0.cpp -o /home/max/work/MaxConvNet/HLS/model/solution1/.autopilot/db/useless.bc
Command       clang done; 1.46 sec.
INFO-FLOW: Done: GCC PP time: 3.1 seconds per iteration
Execute       list_core -type functional_unit 
Execute       tidy_31 xilinx-systemc-detector /home/max/work/MaxConvNet/HLS/model/solution1/.autopilot/db/conv_net.pp.0.cpp std=gnu++98 -directive=/home/max/work/MaxConvNet/HLS/model/solution1/.autopilot/db/.systemc_flag 
INFO-FLOW: exec /opt/xilinx/Vivado/2019.2/lnx64/tools/clang-3.9-csynth/bin/tidy-3.1 -header-filter=.* -checks=-*,xilinx-systemc-detector -import-directive=/home/max/work/MaxConvNet/HLS/model/solution1/.autopilot/db/.systemc_flag -quiet -fix-errors /home/max/work/MaxConvNet/HLS/model/solution1/.autopilot/db/conv_net.pp.0.cpp -- -std=gnu++98 -fhls -ferror-limit=0
Command       tidy_31 done; 0.16 sec.
INFO-FLOW: Running: tidy-3.1 CDT preprocess
Execute       tidy_31 xilinx-directive2pragma /home/max/work/MaxConvNet/HLS/model/solution1/.autopilot/db/conv_net.pp.0.cpp std=gnu++98 -directive=/home/max/work/MaxConvNet/HLS/model/solution1/.autopilot/db/all.directive.json 
INFO-FLOW: exec /opt/xilinx/Vivado/2019.2/lnx64/tools/clang-3.9-csynth/bin/tidy-3.1 -header-filter=.* -checks=-*,xilinx-directive2pragma -import-directive=/home/max/work/MaxConvNet/HLS/model/solution1/.autopilot/db/all.directive.json -quiet -fix-errors /home/max/work/MaxConvNet/HLS/model/solution1/.autopilot/db/conv_net.pp.0.cpp -- -std=gnu++98 -fhls -ferror-limit=0
Command       tidy_31 done; 0.16 sec.
Execute       get_config_dataflow -strict_mode 
Execute       ap_eval exec -ignorestderr /opt/xilinx/Vivado/2019.2/lnx64/tools/clang-3.9-csynth/bin/xilinx-dataflow-lawyer -export-fixes=/home/max/work/MaxConvNet/HLS/model/solution1/.autopilot/db/xilinx-dataflow-lawyer.conv_net.pp.0.cpp.diag.yml /home/max/work/MaxConvNet/HLS/model/solution1/.autopilot/db/conv_net.pp.0.cpp -- -std=gnu++98 -fhls -ferror-limit=0 -fstrict-dataflow > /home/max/work/MaxConvNet/HLS/model/solution1/.autopilot/db/xilinx-dataflow-lawyer.conv_net.pp.0.cpp.out.log 2> /home/max/work/MaxConvNet/HLS/model/solution1/.autopilot/db/xilinx-dataflow-lawyer.conv_net.pp.0.cpp.err.log 
Command       ap_eval done; 0.17 sec.
Execute       tidy_31 -errorcheck xilinx-constantarray-param,xilinx-resource-pragma-transformer,xilinx-xfmat-array-geometry /home/max/work/MaxConvNet/HLS/model/solution1/.autopilot/db/conv_net.pp.0.cpp std=gnu++98 
Execute         ap_eval exec -ignorestderr /opt/xilinx/Vivado/2019.2/lnx64/tools/clang-3.9-csynth/bin/tidy-3.1 -export-fixes=/home/max/work/MaxConvNet/HLS/model/solution1/.autopilot/db/tidy-3.1.conv_net.pp.0.cpp.diag.yml -header-filter=.* -checks=-*,xilinx-constantarray-param,xilinx-resource-pragma-transformer,xilinx-xfmat-array-geometry -quiet -fix-errors /home/max/work/MaxConvNet/HLS/model/solution1/.autopilot/db/conv_net.pp.0.cpp -- -std=gnu++98 -fhls -ferror-limit=0 > /home/max/work/MaxConvNet/HLS/model/solution1/.autopilot/db/tidy-3.1.conv_net.pp.0.cpp.out.log 2> /home/max/work/MaxConvNet/HLS/model/solution1/.autopilot/db/tidy-3.1.conv_net.pp.0.cpp.err.log 
Command         ap_eval done; 0.54 sec.
Execute         ap_eval exec -ignorestderr /opt/xilinx/Vivado/2019.2/lnx64/tools/clang-3.9-csynth/bin/xilinx-legacy-rewriter /home/max/work/MaxConvNet/HLS/model/solution1/.autopilot/db/conv_net.pp.0.cpp -- -std=gnu++98 -fhls -ferror-limit=0 > /home/max/work/MaxConvNet/HLS/model/solution1/.autopilot/db/xilinx-legacy-rewriter.conv_net.pp.0.cpp.out.log 2> /home/max/work/MaxConvNet/HLS/model/solution1/.autopilot/db/xilinx-legacy-rewriter.conv_net.pp.0.cpp.err.log 
Command         ap_eval done; 0.14 sec.
Command       tidy_31 done; 0.68 sec.
INFO-FLOW: Done: tidy-3.1 CDT preprocess time: 1 seconds per iteration
INFO-FLOW: Pragma Handling...
Execute       tidy_31 xilinx-ssdm-intrinsics-arguments /home/max/work/MaxConvNet/HLS/model/solution1/.autopilot/db/conv_net.pragma.1.cpp std=gnu++98 
INFO-FLOW: exec /opt/xilinx/Vivado/2019.2/lnx64/tools/clang-3.9-csynth/bin/tidy-3.1 -header-filter=.* -checks=-*,xilinx-ssdm-intrinsics-arguments -quiet -fix-errors /home/max/work/MaxConvNet/HLS/model/solution1/.autopilot/db/conv_net.pragma.1.cpp -- -std=gnu++98 -fhls -ferror-limit=0
Command       tidy_31 done; 1.22 sec.
Execute       ap_part_info -name xczu3eg-sbva484-1-e -data info 
INFO-FLOW: Processing labels
Execute       clang -src /home/max/work/MaxConvNet/HLS/model/solution1/.autopilot/db/conv_net.pragma.2.cpp  -fno-limit-debug-info -gcc-toolchain /opt/xilinx/Vivado/2019.2/lnx64/tools/gcc -hls -hls-analyze-label -hls-analyze-pragma -fno-exceptions  -D__llvm__  -w  "/home/max/work/MaxConvNet/HLS/model/solution1/.autopilot/db/conv_net.pragma.2.cpp"    -fno-math-errno -c -emit-llvm -O0  -mllvm -disable-llvm-optzns -fno-threadsafe-statics  -fno-use-cxa-atexit -DAESL_SYN -D__SYNTHESIS__ -D__HLS_SYN__ -I "/opt/xilinx/Vivado/2019.2/common/technology/autopilot" -I "/opt/xilinx/Vivado/2019.2/common/technology/autopilot/ap_sysc" -include etc/autopilot_ssdm_op.h -D__DSP48E2__ -g -o "/home/max/work/MaxConvNet/HLS/model/solution1/.autopilot/db/conv_net.bc" 
INFO-FLOW: exec /opt/xilinx/Vivado/2019.2/lnx64/tools/clang/bin/clang -fno-limit-debug-info -gcc-toolchain /opt/xilinx/Vivado/2019.2/lnx64/tools/gcc -hls -hls-analyze-label -hls-analyze-pragma -fno-exceptions -D__llvm__ -w /home/max/work/MaxConvNet/HLS/model/solution1/.autopilot/db/conv_net.pragma.2.cpp -fno-math-errno -c -emit-llvm -O0 -mllvm -disable-llvm-optzns -fno-threadsafe-statics -fno-use-cxa-atexit -DAESL_SYN -D__SYNTHESIS__ -D__HLS_SYN__ -I /opt/xilinx/Vivado/2019.2/common/technology/autopilot -I /opt/xilinx/Vivado/2019.2/common/technology/autopilot/ap_sysc -include etc/autopilot_ssdm_op.h -D__DSP48E2__ -g -o /home/max/work/MaxConvNet/HLS/model/solution1/.autopilot/db/conv_net.bc
Command       clang done; 1.54 sec.
INFO: [HLS 200-10] Analyzing design file 'linear.cpp' ... 
INFO-FLOW: Compiling one TU...
Execute       is_m_axi_addr64 
INFO-FLOW: Handling linear.cpp as C++
Execute       ap_part_info -name xczu3eg-sbva484-1-e -data info 
Execute       is_encrypted linear.cpp 
Execute       ap_part_info -name xczu3eg-sbva484-1-e -data info 
INFO-FLOW: Running: GCC PP
INFO-FLOW: Source preprocessing
Execute       clang  -fno-limit-debug-info -gcc-toolchain "/opt/xilinx/Vivado/2019.2/lnx64/tools/gcc" -hls  -fno-exceptions  -D__llvm__  -E "linear.cpp"     -fno-math-errno -c -emit-llvm -O0  -mllvm -disable-llvm-optzns -fno-threadsafe-statics  -fno-use-cxa-atexit  -fno-threadsafe-statics -fno-use-cxa-atexit -D__CLANG_3_1__ -DAESL_SYN -D__SYNTHESIS__ -D__HLS_SYN__ -I "/opt/xilinx/Vivado/2019.2/common/technology/autopilot" -I "/opt/xilinx/Vivado/2019.2/common/technology/autopilot/ap_sysc" -include etc/autopilot_ssdm_op.h -D__DSP48E2__  -o "/home/max/work/MaxConvNet/HLS/model/solution1/.autopilot/db/linear.pp.0.cpp" 
INFO-FLOW: exec /opt/xilinx/Vivado/2019.2/lnx64/tools/clang/bin/clang -fno-limit-debug-info -gcc-toolchain /opt/xilinx/Vivado/2019.2/lnx64/tools/gcc -hls -fno-exceptions -D__llvm__ -E linear.cpp -fno-math-errno -c -emit-llvm -O0 -mllvm -disable-llvm-optzns -fno-threadsafe-statics -fno-use-cxa-atexit -fno-threadsafe-statics -fno-use-cxa-atexit -D__CLANG_3_1__ -DAESL_SYN -D__SYNTHESIS__ -D__HLS_SYN__ -I /opt/xilinx/Vivado/2019.2/common/technology/autopilot -I /opt/xilinx/Vivado/2019.2/common/technology/autopilot/ap_sysc -include etc/autopilot_ssdm_op.h -D__DSP48E2__ -o /home/max/work/MaxConvNet/HLS/model/solution1/.autopilot/db/linear.pp.0.cpp
Command       clang done; 1.4 sec.
Execute       tidy_31 xilinx-xfmat-array-geometry /home/max/work/MaxConvNet/HLS/model/solution1/.autopilot/db/linear.pp.0.cpp std=gnu++98 
INFO-FLOW: exec /opt/xilinx/Vivado/2019.2/lnx64/tools/clang-3.9-csynth/bin/tidy-3.1 -header-filter=.* -checks=-*,xilinx-xfmat-array-geometry -quiet -fix /home/max/work/MaxConvNet/HLS/model/solution1/.autopilot/db/linear.pp.0.cpp -- -std=gnu++98 -fhls -ferror-limit=0
INFO-FLOW: Syntax Checking before pre-processing...
Execute       clang -syntaxcheck -src /home/max/work/MaxConvNet/HLS/model/solution1/.autopilot/db/linear.pp.0.cpp  -fno-limit-debug-info -gcc-toolchain "/opt/xilinx/Vivado/2019.2/lnx64/tools/gcc" -hls    -fno-math-errno -c -emit-llvm -O0  -mllvm -disable-llvm-optzns -fno-threadsafe-statics  -fno-use-cxa-atexit  -fno-threadsafe-statics -fno-use-cxa-atexit -D__CLANG_3_1__ -DAESL_SYN -D__SYNTHESIS__ -D__HLS_SYN__ -I "/opt/xilinx/Vivado/2019.2/common/technology/autopilot" -I "/opt/xilinx/Vivado/2019.2/common/technology/autopilot/ap_sysc" -include etc/autopilot_ssdm_op.h -D__DSP48E2__  "/home/max/work/MaxConvNet/HLS/model/solution1/.autopilot/db/linear.pp.0.cpp"  -o "/home/max/work/MaxConvNet/HLS/model/solution1/.autopilot/db/useless.bc"  
INFO-FLOW: exec /opt/xilinx/Vivado/2019.2/lnx64/tools/clang/bin/clang -fno-limit-debug-info -gcc-toolchain /opt/xilinx/Vivado/2019.2/lnx64/tools/gcc -hls -fno-math-errno -c -emit-llvm -O0 -mllvm -disable-llvm-optzns -fno-threadsafe-statics -fno-use-cxa-atexit -fno-threadsafe-statics -fno-use-cxa-atexit -D__CLANG_3_1__ -DAESL_SYN -D__SYNTHESIS__ -D__HLS_SYN__ -I /opt/xilinx/Vivado/2019.2/common/technology/autopilot -I /opt/xilinx/Vivado/2019.2/common/technology/autopilot/ap_sysc -include etc/autopilot_ssdm_op.h -D__DSP48E2__ /home/max/work/MaxConvNet/HLS/model/solution1/.autopilot/db/linear.pp.0.cpp -o /home/max/work/MaxConvNet/HLS/model/solution1/.autopilot/db/useless.bc
Command       clang done; 1.37 sec.
INFO-FLOW: Done: GCC PP time: 2.8 seconds per iteration
Execute       list_core -type functional_unit 
Execute       tidy_31 xilinx-systemc-detector /home/max/work/MaxConvNet/HLS/model/solution1/.autopilot/db/linear.pp.0.cpp std=gnu++98 -directive=/home/max/work/MaxConvNet/HLS/model/solution1/.autopilot/db/.systemc_flag 
INFO-FLOW: exec /opt/xilinx/Vivado/2019.2/lnx64/tools/clang-3.9-csynth/bin/tidy-3.1 -header-filter=.* -checks=-*,xilinx-systemc-detector -import-directive=/home/max/work/MaxConvNet/HLS/model/solution1/.autopilot/db/.systemc_flag -quiet -fix-errors /home/max/work/MaxConvNet/HLS/model/solution1/.autopilot/db/linear.pp.0.cpp -- -std=gnu++98 -fhls -ferror-limit=0
INFO-FLOW: Running: tidy-3.1 CDT preprocess
Execute       tidy_31 xilinx-directive2pragma /home/max/work/MaxConvNet/HLS/model/solution1/.autopilot/db/linear.pp.0.cpp std=gnu++98 -directive=/home/max/work/MaxConvNet/HLS/model/solution1/.autopilot/db/all.directive.json 
INFO-FLOW: exec /opt/xilinx/Vivado/2019.2/lnx64/tools/clang-3.9-csynth/bin/tidy-3.1 -header-filter=.* -checks=-*,xilinx-directive2pragma -import-directive=/home/max/work/MaxConvNet/HLS/model/solution1/.autopilot/db/all.directive.json -quiet -fix-errors /home/max/work/MaxConvNet/HLS/model/solution1/.autopilot/db/linear.pp.0.cpp -- -std=gnu++98 -fhls -ferror-limit=0
Execute       get_config_dataflow -strict_mode 
Execute       ap_eval exec -ignorestderr /opt/xilinx/Vivado/2019.2/lnx64/tools/clang-3.9-csynth/bin/xilinx-dataflow-lawyer -export-fixes=/home/max/work/MaxConvNet/HLS/model/solution1/.autopilot/db/xilinx-dataflow-lawyer.linear.pp.0.cpp.diag.yml /home/max/work/MaxConvNet/HLS/model/solution1/.autopilot/db/linear.pp.0.cpp -- -std=gnu++98 -fhls -ferror-limit=0 -fstrict-dataflow > /home/max/work/MaxConvNet/HLS/model/solution1/.autopilot/db/xilinx-dataflow-lawyer.linear.pp.0.cpp.out.log 2> /home/max/work/MaxConvNet/HLS/model/solution1/.autopilot/db/xilinx-dataflow-lawyer.linear.pp.0.cpp.err.log 
Execute       tidy_31 -errorcheck xilinx-constantarray-param,xilinx-resource-pragma-transformer,xilinx-xfmat-array-geometry /home/max/work/MaxConvNet/HLS/model/solution1/.autopilot/db/linear.pp.0.cpp std=gnu++98 
Execute         ap_eval exec -ignorestderr /opt/xilinx/Vivado/2019.2/lnx64/tools/clang-3.9-csynth/bin/tidy-3.1 -export-fixes=/home/max/work/MaxConvNet/HLS/model/solution1/.autopilot/db/tidy-3.1.linear.pp.0.cpp.diag.yml -header-filter=.* -checks=-*,xilinx-constantarray-param,xilinx-resource-pragma-transformer,xilinx-xfmat-array-geometry -quiet -fix-errors /home/max/work/MaxConvNet/HLS/model/solution1/.autopilot/db/linear.pp.0.cpp -- -std=gnu++98 -fhls -ferror-limit=0 > /home/max/work/MaxConvNet/HLS/model/solution1/.autopilot/db/tidy-3.1.linear.pp.0.cpp.out.log 2> /home/max/work/MaxConvNet/HLS/model/solution1/.autopilot/db/tidy-3.1.linear.pp.0.cpp.err.log 
Execute         ap_eval exec -ignorestderr /opt/xilinx/Vivado/2019.2/lnx64/tools/clang-3.9-csynth/bin/xilinx-legacy-rewriter /home/max/work/MaxConvNet/HLS/model/solution1/.autopilot/db/linear.pp.0.cpp -- -std=gnu++98 -fhls -ferror-limit=0 > /home/max/work/MaxConvNet/HLS/model/solution1/.autopilot/db/xilinx-legacy-rewriter.linear.pp.0.cpp.out.log 2> /home/max/work/MaxConvNet/HLS/model/solution1/.autopilot/db/xilinx-legacy-rewriter.linear.pp.0.cpp.err.log 
INFO-FLOW: Done: tidy-3.1 CDT preprocess time: 0.1 seconds per iteration
INFO-FLOW: Pragma Handling...
Execute       tidy_31 xilinx-ssdm-intrinsics-arguments /home/max/work/MaxConvNet/HLS/model/solution1/.autopilot/db/linear.pragma.1.cpp std=gnu++98 
INFO-FLOW: exec /opt/xilinx/Vivado/2019.2/lnx64/tools/clang-3.9-csynth/bin/tidy-3.1 -header-filter=.* -checks=-*,xilinx-ssdm-intrinsics-arguments -quiet -fix-errors /home/max/work/MaxConvNet/HLS/model/solution1/.autopilot/db/linear.pragma.1.cpp -- -std=gnu++98 -fhls -ferror-limit=0
Execute       ap_part_info -name xczu3eg-sbva484-1-e -data info 
INFO-FLOW: Processing labels
Execute       clang -src /home/max/work/MaxConvNet/HLS/model/solution1/.autopilot/db/linear.pragma.2.cpp  -fno-limit-debug-info -gcc-toolchain /opt/xilinx/Vivado/2019.2/lnx64/tools/gcc -hls -hls-analyze-label -hls-analyze-pragma -fno-exceptions  -D__llvm__  -w  "/home/max/work/MaxConvNet/HLS/model/solution1/.autopilot/db/linear.pragma.2.cpp"    -fno-math-errno -c -emit-llvm -O0  -mllvm -disable-llvm-optzns -fno-threadsafe-statics  -fno-use-cxa-atexit -DAESL_SYN -D__SYNTHESIS__ -D__HLS_SYN__ -I "/opt/xilinx/Vivado/2019.2/common/technology/autopilot" -I "/opt/xilinx/Vivado/2019.2/common/technology/autopilot/ap_sysc" -include etc/autopilot_ssdm_op.h -D__DSP48E2__ -g -o "/home/max/work/MaxConvNet/HLS/model/solution1/.autopilot/db/linear.bc" 
INFO-FLOW: exec /opt/xilinx/Vivado/2019.2/lnx64/tools/clang/bin/clang -fno-limit-debug-info -gcc-toolchain /opt/xilinx/Vivado/2019.2/lnx64/tools/gcc -hls -hls-analyze-label -hls-analyze-pragma -fno-exceptions -D__llvm__ -w /home/max/work/MaxConvNet/HLS/model/solution1/.autopilot/db/linear.pragma.2.cpp -fno-math-errno -c -emit-llvm -O0 -mllvm -disable-llvm-optzns -fno-threadsafe-statics -fno-use-cxa-atexit -DAESL_SYN -D__SYNTHESIS__ -D__HLS_SYN__ -I /opt/xilinx/Vivado/2019.2/common/technology/autopilot -I /opt/xilinx/Vivado/2019.2/common/technology/autopilot/ap_sysc -include etc/autopilot_ssdm_op.h -D__DSP48E2__ -g -o /home/max/work/MaxConvNet/HLS/model/solution1/.autopilot/db/linear.bc
Command       clang done; 1.3 sec.
INFO: [HLS 200-10] Analyzing design file 'pooling.cpp' ... 
INFO-FLOW: Compiling one TU...
Execute       is_m_axi_addr64 
INFO-FLOW: Handling pooling.cpp as C++
Execute       ap_part_info -name xczu3eg-sbva484-1-e -data info 
Execute       is_encrypted pooling.cpp 
Execute       ap_part_info -name xczu3eg-sbva484-1-e -data info 
INFO-FLOW: Running: GCC PP
INFO-FLOW: Source preprocessing
Execute       clang  -fno-limit-debug-info -gcc-toolchain "/opt/xilinx/Vivado/2019.2/lnx64/tools/gcc" -hls  -fno-exceptions  -D__llvm__  -E "pooling.cpp"     -fno-math-errno -c -emit-llvm -O0  -mllvm -disable-llvm-optzns -fno-threadsafe-statics  -fno-use-cxa-atexit  -fno-threadsafe-statics -fno-use-cxa-atexit -D__CLANG_3_1__ -DAESL_SYN -D__SYNTHESIS__ -D__HLS_SYN__ -I "/opt/xilinx/Vivado/2019.2/common/technology/autopilot" -I "/opt/xilinx/Vivado/2019.2/common/technology/autopilot/ap_sysc" -include etc/autopilot_ssdm_op.h -D__DSP48E2__  -o "/home/max/work/MaxConvNet/HLS/model/solution1/.autopilot/db/pooling.pp.0.cpp" 
INFO-FLOW: exec /opt/xilinx/Vivado/2019.2/lnx64/tools/clang/bin/clang -fno-limit-debug-info -gcc-toolchain /opt/xilinx/Vivado/2019.2/lnx64/tools/gcc -hls -fno-exceptions -D__llvm__ -E pooling.cpp -fno-math-errno -c -emit-llvm -O0 -mllvm -disable-llvm-optzns -fno-threadsafe-statics -fno-use-cxa-atexit -fno-threadsafe-statics -fno-use-cxa-atexit -D__CLANG_3_1__ -DAESL_SYN -D__SYNTHESIS__ -D__HLS_SYN__ -I /opt/xilinx/Vivado/2019.2/common/technology/autopilot -I /opt/xilinx/Vivado/2019.2/common/technology/autopilot/ap_sysc -include etc/autopilot_ssdm_op.h -D__DSP48E2__ -o /home/max/work/MaxConvNet/HLS/model/solution1/.autopilot/db/pooling.pp.0.cpp
Command       clang done; 1.38 sec.
Execute       tidy_31 xilinx-xfmat-array-geometry /home/max/work/MaxConvNet/HLS/model/solution1/.autopilot/db/pooling.pp.0.cpp std=gnu++98 
INFO-FLOW: exec /opt/xilinx/Vivado/2019.2/lnx64/tools/clang-3.9-csynth/bin/tidy-3.1 -header-filter=.* -checks=-*,xilinx-xfmat-array-geometry -quiet -fix /home/max/work/MaxConvNet/HLS/model/solution1/.autopilot/db/pooling.pp.0.cpp -- -std=gnu++98 -fhls -ferror-limit=0
INFO-FLOW: Syntax Checking before pre-processing...
Execute       clang -syntaxcheck -src /home/max/work/MaxConvNet/HLS/model/solution1/.autopilot/db/pooling.pp.0.cpp  -fno-limit-debug-info -gcc-toolchain "/opt/xilinx/Vivado/2019.2/lnx64/tools/gcc" -hls    -fno-math-errno -c -emit-llvm -O0  -mllvm -disable-llvm-optzns -fno-threadsafe-statics  -fno-use-cxa-atexit  -fno-threadsafe-statics -fno-use-cxa-atexit -D__CLANG_3_1__ -DAESL_SYN -D__SYNTHESIS__ -D__HLS_SYN__ -I "/opt/xilinx/Vivado/2019.2/common/technology/autopilot" -I "/opt/xilinx/Vivado/2019.2/common/technology/autopilot/ap_sysc" -include etc/autopilot_ssdm_op.h -D__DSP48E2__  "/home/max/work/MaxConvNet/HLS/model/solution1/.autopilot/db/pooling.pp.0.cpp"  -o "/home/max/work/MaxConvNet/HLS/model/solution1/.autopilot/db/useless.bc"  
INFO-FLOW: exec /opt/xilinx/Vivado/2019.2/lnx64/tools/clang/bin/clang -fno-limit-debug-info -gcc-toolchain /opt/xilinx/Vivado/2019.2/lnx64/tools/gcc -hls -fno-math-errno -c -emit-llvm -O0 -mllvm -disable-llvm-optzns -fno-threadsafe-statics -fno-use-cxa-atexit -fno-threadsafe-statics -fno-use-cxa-atexit -D__CLANG_3_1__ -DAESL_SYN -D__SYNTHESIS__ -D__HLS_SYN__ -I /opt/xilinx/Vivado/2019.2/common/technology/autopilot -I /opt/xilinx/Vivado/2019.2/common/technology/autopilot/ap_sysc -include etc/autopilot_ssdm_op.h -D__DSP48E2__ /home/max/work/MaxConvNet/HLS/model/solution1/.autopilot/db/pooling.pp.0.cpp -o /home/max/work/MaxConvNet/HLS/model/solution1/.autopilot/db/useless.bc
Command       clang done; 1.33 sec.
INFO-FLOW: Done: GCC PP time: 2.7 seconds per iteration
Execute       list_core -type functional_unit 
Execute       tidy_31 xilinx-systemc-detector /home/max/work/MaxConvNet/HLS/model/solution1/.autopilot/db/pooling.pp.0.cpp std=gnu++98 -directive=/home/max/work/MaxConvNet/HLS/model/solution1/.autopilot/db/.systemc_flag 
INFO-FLOW: exec /opt/xilinx/Vivado/2019.2/lnx64/tools/clang-3.9-csynth/bin/tidy-3.1 -header-filter=.* -checks=-*,xilinx-systemc-detector -import-directive=/home/max/work/MaxConvNet/HLS/model/solution1/.autopilot/db/.systemc_flag -quiet -fix-errors /home/max/work/MaxConvNet/HLS/model/solution1/.autopilot/db/pooling.pp.0.cpp -- -std=gnu++98 -fhls -ferror-limit=0
INFO-FLOW: Running: tidy-3.1 CDT preprocess
Execute       tidy_31 xilinx-directive2pragma /home/max/work/MaxConvNet/HLS/model/solution1/.autopilot/db/pooling.pp.0.cpp std=gnu++98 -directive=/home/max/work/MaxConvNet/HLS/model/solution1/.autopilot/db/all.directive.json 
INFO-FLOW: exec /opt/xilinx/Vivado/2019.2/lnx64/tools/clang-3.9-csynth/bin/tidy-3.1 -header-filter=.* -checks=-*,xilinx-directive2pragma -import-directive=/home/max/work/MaxConvNet/HLS/model/solution1/.autopilot/db/all.directive.json -quiet -fix-errors /home/max/work/MaxConvNet/HLS/model/solution1/.autopilot/db/pooling.pp.0.cpp -- -std=gnu++98 -fhls -ferror-limit=0
Execute       get_config_dataflow -strict_mode 
Execute       ap_eval exec -ignorestderr /opt/xilinx/Vivado/2019.2/lnx64/tools/clang-3.9-csynth/bin/xilinx-dataflow-lawyer -export-fixes=/home/max/work/MaxConvNet/HLS/model/solution1/.autopilot/db/xilinx-dataflow-lawyer.pooling.pp.0.cpp.diag.yml /home/max/work/MaxConvNet/HLS/model/solution1/.autopilot/db/pooling.pp.0.cpp -- -std=gnu++98 -fhls -ferror-limit=0 -fstrict-dataflow > /home/max/work/MaxConvNet/HLS/model/solution1/.autopilot/db/xilinx-dataflow-lawyer.pooling.pp.0.cpp.out.log 2> /home/max/work/MaxConvNet/HLS/model/solution1/.autopilot/db/xilinx-dataflow-lawyer.pooling.pp.0.cpp.err.log 
Execute       tidy_31 -errorcheck xilinx-constantarray-param,xilinx-resource-pragma-transformer,xilinx-xfmat-array-geometry /home/max/work/MaxConvNet/HLS/model/solution1/.autopilot/db/pooling.pp.0.cpp std=gnu++98 
Execute         ap_eval exec -ignorestderr /opt/xilinx/Vivado/2019.2/lnx64/tools/clang-3.9-csynth/bin/tidy-3.1 -export-fixes=/home/max/work/MaxConvNet/HLS/model/solution1/.autopilot/db/tidy-3.1.pooling.pp.0.cpp.diag.yml -header-filter=.* -checks=-*,xilinx-constantarray-param,xilinx-resource-pragma-transformer,xilinx-xfmat-array-geometry -quiet -fix-errors /home/max/work/MaxConvNet/HLS/model/solution1/.autopilot/db/pooling.pp.0.cpp -- -std=gnu++98 -fhls -ferror-limit=0 > /home/max/work/MaxConvNet/HLS/model/solution1/.autopilot/db/tidy-3.1.pooling.pp.0.cpp.out.log 2> /home/max/work/MaxConvNet/HLS/model/solution1/.autopilot/db/tidy-3.1.pooling.pp.0.cpp.err.log 
Execute         ap_eval exec -ignorestderr /opt/xilinx/Vivado/2019.2/lnx64/tools/clang-3.9-csynth/bin/xilinx-legacy-rewriter /home/max/work/MaxConvNet/HLS/model/solution1/.autopilot/db/pooling.pp.0.cpp -- -std=gnu++98 -fhls -ferror-limit=0 > /home/max/work/MaxConvNet/HLS/model/solution1/.autopilot/db/xilinx-legacy-rewriter.pooling.pp.0.cpp.out.log 2> /home/max/work/MaxConvNet/HLS/model/solution1/.autopilot/db/xilinx-legacy-rewriter.pooling.pp.0.cpp.err.log 
INFO-FLOW: Done: tidy-3.1 CDT preprocess time: 0.1 seconds per iteration
INFO-FLOW: Pragma Handling...
Execute       tidy_31 xilinx-ssdm-intrinsics-arguments /home/max/work/MaxConvNet/HLS/model/solution1/.autopilot/db/pooling.pragma.1.cpp std=gnu++98 
INFO-FLOW: exec /opt/xilinx/Vivado/2019.2/lnx64/tools/clang-3.9-csynth/bin/tidy-3.1 -header-filter=.* -checks=-*,xilinx-ssdm-intrinsics-arguments -quiet -fix-errors /home/max/work/MaxConvNet/HLS/model/solution1/.autopilot/db/pooling.pragma.1.cpp -- -std=gnu++98 -fhls -ferror-limit=0
Execute       ap_part_info -name xczu3eg-sbva484-1-e -data info 
INFO-FLOW: Processing labels
Execute       clang -src /home/max/work/MaxConvNet/HLS/model/solution1/.autopilot/db/pooling.pragma.2.cpp  -fno-limit-debug-info -gcc-toolchain /opt/xilinx/Vivado/2019.2/lnx64/tools/gcc -hls -hls-analyze-label -hls-analyze-pragma -fno-exceptions  -D__llvm__  -w  "/home/max/work/MaxConvNet/HLS/model/solution1/.autopilot/db/pooling.pragma.2.cpp"    -fno-math-errno -c -emit-llvm -O0  -mllvm -disable-llvm-optzns -fno-threadsafe-statics  -fno-use-cxa-atexit -DAESL_SYN -D__SYNTHESIS__ -D__HLS_SYN__ -I "/opt/xilinx/Vivado/2019.2/common/technology/autopilot" -I "/opt/xilinx/Vivado/2019.2/common/technology/autopilot/ap_sysc" -include etc/autopilot_ssdm_op.h -D__DSP48E2__ -g -o "/home/max/work/MaxConvNet/HLS/model/solution1/.autopilot/db/pooling.bc" 
INFO-FLOW: exec /opt/xilinx/Vivado/2019.2/lnx64/tools/clang/bin/clang -fno-limit-debug-info -gcc-toolchain /opt/xilinx/Vivado/2019.2/lnx64/tools/gcc -hls -hls-analyze-label -hls-analyze-pragma -fno-exceptions -D__llvm__ -w /home/max/work/MaxConvNet/HLS/model/solution1/.autopilot/db/pooling.pragma.2.cpp -fno-math-errno -c -emit-llvm -O0 -mllvm -disable-llvm-optzns -fno-threadsafe-statics -fno-use-cxa-atexit -DAESL_SYN -D__SYNTHESIS__ -D__HLS_SYN__ -I /opt/xilinx/Vivado/2019.2/common/technology/autopilot -I /opt/xilinx/Vivado/2019.2/common/technology/autopilot/ap_sysc -include etc/autopilot_ssdm_op.h -D__DSP48E2__ -g -o /home/max/work/MaxConvNet/HLS/model/solution1/.autopilot/db/pooling.bc
Command       clang done; 1.4 sec.
INFO: [HLS 200-10] Analyzing design file 'relu.cpp' ... 
INFO-FLOW: Compiling one TU...
Execute       is_m_axi_addr64 
INFO-FLOW: Handling relu.cpp as C++
Execute       ap_part_info -name xczu3eg-sbva484-1-e -data info 
Execute       is_encrypted relu.cpp 
Execute       ap_part_info -name xczu3eg-sbva484-1-e -data info 
INFO-FLOW: Running: GCC PP
INFO-FLOW: Source preprocessing
Execute       clang  -fno-limit-debug-info -gcc-toolchain "/opt/xilinx/Vivado/2019.2/lnx64/tools/gcc" -hls  -fno-exceptions  -D__llvm__  -E "relu.cpp"     -fno-math-errno -c -emit-llvm -O0  -mllvm -disable-llvm-optzns -fno-threadsafe-statics  -fno-use-cxa-atexit  -fno-threadsafe-statics -fno-use-cxa-atexit -D__CLANG_3_1__ -DAESL_SYN -D__SYNTHESIS__ -D__HLS_SYN__ -I "/opt/xilinx/Vivado/2019.2/common/technology/autopilot" -I "/opt/xilinx/Vivado/2019.2/common/technology/autopilot/ap_sysc" -include etc/autopilot_ssdm_op.h -D__DSP48E2__  -o "/home/max/work/MaxConvNet/HLS/model/solution1/.autopilot/db/relu.pp.0.cpp" 
INFO-FLOW: exec /opt/xilinx/Vivado/2019.2/lnx64/tools/clang/bin/clang -fno-limit-debug-info -gcc-toolchain /opt/xilinx/Vivado/2019.2/lnx64/tools/gcc -hls -fno-exceptions -D__llvm__ -E relu.cpp -fno-math-errno -c -emit-llvm -O0 -mllvm -disable-llvm-optzns -fno-threadsafe-statics -fno-use-cxa-atexit -fno-threadsafe-statics -fno-use-cxa-atexit -D__CLANG_3_1__ -DAESL_SYN -D__SYNTHESIS__ -D__HLS_SYN__ -I /opt/xilinx/Vivado/2019.2/common/technology/autopilot -I /opt/xilinx/Vivado/2019.2/common/technology/autopilot/ap_sysc -include etc/autopilot_ssdm_op.h -D__DSP48E2__ -o /home/max/work/MaxConvNet/HLS/model/solution1/.autopilot/db/relu.pp.0.cpp
Command       clang done; 1.47 sec.
Execute       tidy_31 xilinx-xfmat-array-geometry /home/max/work/MaxConvNet/HLS/model/solution1/.autopilot/db/relu.pp.0.cpp std=gnu++98 
INFO-FLOW: exec /opt/xilinx/Vivado/2019.2/lnx64/tools/clang-3.9-csynth/bin/tidy-3.1 -header-filter=.* -checks=-*,xilinx-xfmat-array-geometry -quiet -fix /home/max/work/MaxConvNet/HLS/model/solution1/.autopilot/db/relu.pp.0.cpp -- -std=gnu++98 -fhls -ferror-limit=0
INFO-FLOW: Syntax Checking before pre-processing...
Execute       clang -syntaxcheck -src /home/max/work/MaxConvNet/HLS/model/solution1/.autopilot/db/relu.pp.0.cpp  -fno-limit-debug-info -gcc-toolchain "/opt/xilinx/Vivado/2019.2/lnx64/tools/gcc" -hls    -fno-math-errno -c -emit-llvm -O0  -mllvm -disable-llvm-optzns -fno-threadsafe-statics  -fno-use-cxa-atexit  -fno-threadsafe-statics -fno-use-cxa-atexit -D__CLANG_3_1__ -DAESL_SYN -D__SYNTHESIS__ -D__HLS_SYN__ -I "/opt/xilinx/Vivado/2019.2/common/technology/autopilot" -I "/opt/xilinx/Vivado/2019.2/common/technology/autopilot/ap_sysc" -include etc/autopilot_ssdm_op.h -D__DSP48E2__  "/home/max/work/MaxConvNet/HLS/model/solution1/.autopilot/db/relu.pp.0.cpp"  -o "/home/max/work/MaxConvNet/HLS/model/solution1/.autopilot/db/useless.bc"  
INFO-FLOW: exec /opt/xilinx/Vivado/2019.2/lnx64/tools/clang/bin/clang -fno-limit-debug-info -gcc-toolchain /opt/xilinx/Vivado/2019.2/lnx64/tools/gcc -hls -fno-math-errno -c -emit-llvm -O0 -mllvm -disable-llvm-optzns -fno-threadsafe-statics -fno-use-cxa-atexit -fno-threadsafe-statics -fno-use-cxa-atexit -D__CLANG_3_1__ -DAESL_SYN -D__SYNTHESIS__ -D__HLS_SYN__ -I /opt/xilinx/Vivado/2019.2/common/technology/autopilot -I /opt/xilinx/Vivado/2019.2/common/technology/autopilot/ap_sysc -include etc/autopilot_ssdm_op.h -D__DSP48E2__ /home/max/work/MaxConvNet/HLS/model/solution1/.autopilot/db/relu.pp.0.cpp -o /home/max/work/MaxConvNet/HLS/model/solution1/.autopilot/db/useless.bc
Command       clang done; 1.31 sec.
INFO-FLOW: Done: GCC PP time: 2.8 seconds per iteration
Execute       list_core -type functional_unit 
Execute       tidy_31 xilinx-systemc-detector /home/max/work/MaxConvNet/HLS/model/solution1/.autopilot/db/relu.pp.0.cpp std=gnu++98 -directive=/home/max/work/MaxConvNet/HLS/model/solution1/.autopilot/db/.systemc_flag 
INFO-FLOW: exec /opt/xilinx/Vivado/2019.2/lnx64/tools/clang-3.9-csynth/bin/tidy-3.1 -header-filter=.* -checks=-*,xilinx-systemc-detector -import-directive=/home/max/work/MaxConvNet/HLS/model/solution1/.autopilot/db/.systemc_flag -quiet -fix-errors /home/max/work/MaxConvNet/HLS/model/solution1/.autopilot/db/relu.pp.0.cpp -- -std=gnu++98 -fhls -ferror-limit=0
INFO-FLOW: Running: tidy-3.1 CDT preprocess
Execute       tidy_31 xilinx-directive2pragma /home/max/work/MaxConvNet/HLS/model/solution1/.autopilot/db/relu.pp.0.cpp std=gnu++98 -directive=/home/max/work/MaxConvNet/HLS/model/solution1/.autopilot/db/all.directive.json 
INFO-FLOW: exec /opt/xilinx/Vivado/2019.2/lnx64/tools/clang-3.9-csynth/bin/tidy-3.1 -header-filter=.* -checks=-*,xilinx-directive2pragma -import-directive=/home/max/work/MaxConvNet/HLS/model/solution1/.autopilot/db/all.directive.json -quiet -fix-errors /home/max/work/MaxConvNet/HLS/model/solution1/.autopilot/db/relu.pp.0.cpp -- -std=gnu++98 -fhls -ferror-limit=0
Execute       get_config_dataflow -strict_mode 
Execute       ap_eval exec -ignorestderr /opt/xilinx/Vivado/2019.2/lnx64/tools/clang-3.9-csynth/bin/xilinx-dataflow-lawyer -export-fixes=/home/max/work/MaxConvNet/HLS/model/solution1/.autopilot/db/xilinx-dataflow-lawyer.relu.pp.0.cpp.diag.yml /home/max/work/MaxConvNet/HLS/model/solution1/.autopilot/db/relu.pp.0.cpp -- -std=gnu++98 -fhls -ferror-limit=0 -fstrict-dataflow > /home/max/work/MaxConvNet/HLS/model/solution1/.autopilot/db/xilinx-dataflow-lawyer.relu.pp.0.cpp.out.log 2> /home/max/work/MaxConvNet/HLS/model/solution1/.autopilot/db/xilinx-dataflow-lawyer.relu.pp.0.cpp.err.log 
Execute       tidy_31 -errorcheck xilinx-constantarray-param,xilinx-resource-pragma-transformer,xilinx-xfmat-array-geometry /home/max/work/MaxConvNet/HLS/model/solution1/.autopilot/db/relu.pp.0.cpp std=gnu++98 
Execute         ap_eval exec -ignorestderr /opt/xilinx/Vivado/2019.2/lnx64/tools/clang-3.9-csynth/bin/tidy-3.1 -export-fixes=/home/max/work/MaxConvNet/HLS/model/solution1/.autopilot/db/tidy-3.1.relu.pp.0.cpp.diag.yml -header-filter=.* -checks=-*,xilinx-constantarray-param,xilinx-resource-pragma-transformer,xilinx-xfmat-array-geometry -quiet -fix-errors /home/max/work/MaxConvNet/HLS/model/solution1/.autopilot/db/relu.pp.0.cpp -- -std=gnu++98 -fhls -ferror-limit=0 > /home/max/work/MaxConvNet/HLS/model/solution1/.autopilot/db/tidy-3.1.relu.pp.0.cpp.out.log 2> /home/max/work/MaxConvNet/HLS/model/solution1/.autopilot/db/tidy-3.1.relu.pp.0.cpp.err.log 
Execute         ap_eval exec -ignorestderr /opt/xilinx/Vivado/2019.2/lnx64/tools/clang-3.9-csynth/bin/xilinx-legacy-rewriter /home/max/work/MaxConvNet/HLS/model/solution1/.autopilot/db/relu.pp.0.cpp -- -std=gnu++98 -fhls -ferror-limit=0 > /home/max/work/MaxConvNet/HLS/model/solution1/.autopilot/db/xilinx-legacy-rewriter.relu.pp.0.cpp.out.log 2> /home/max/work/MaxConvNet/HLS/model/solution1/.autopilot/db/xilinx-legacy-rewriter.relu.pp.0.cpp.err.log 
INFO-FLOW: Done: tidy-3.1 CDT preprocess time: 0.1 seconds per iteration
INFO-FLOW: Pragma Handling...
Execute       tidy_31 xilinx-ssdm-intrinsics-arguments /home/max/work/MaxConvNet/HLS/model/solution1/.autopilot/db/relu.pragma.1.cpp std=gnu++98 
INFO-FLOW: exec /opt/xilinx/Vivado/2019.2/lnx64/tools/clang-3.9-csynth/bin/tidy-3.1 -header-filter=.* -checks=-*,xilinx-ssdm-intrinsics-arguments -quiet -fix-errors /home/max/work/MaxConvNet/HLS/model/solution1/.autopilot/db/relu.pragma.1.cpp -- -std=gnu++98 -fhls -ferror-limit=0
Execute       ap_part_info -name xczu3eg-sbva484-1-e -data info 
INFO-FLOW: Processing labels
Execute       clang -src /home/max/work/MaxConvNet/HLS/model/solution1/.autopilot/db/relu.pragma.2.cpp  -fno-limit-debug-info -gcc-toolchain /opt/xilinx/Vivado/2019.2/lnx64/tools/gcc -hls -hls-analyze-label -hls-analyze-pragma -fno-exceptions  -D__llvm__  -w  "/home/max/work/MaxConvNet/HLS/model/solution1/.autopilot/db/relu.pragma.2.cpp"    -fno-math-errno -c -emit-llvm -O0  -mllvm -disable-llvm-optzns -fno-threadsafe-statics  -fno-use-cxa-atexit -DAESL_SYN -D__SYNTHESIS__ -D__HLS_SYN__ -I "/opt/xilinx/Vivado/2019.2/common/technology/autopilot" -I "/opt/xilinx/Vivado/2019.2/common/technology/autopilot/ap_sysc" -include etc/autopilot_ssdm_op.h -D__DSP48E2__ -g -o "/home/max/work/MaxConvNet/HLS/model/solution1/.autopilot/db/relu.bc" 
INFO-FLOW: exec /opt/xilinx/Vivado/2019.2/lnx64/tools/clang/bin/clang -fno-limit-debug-info -gcc-toolchain /opt/xilinx/Vivado/2019.2/lnx64/tools/gcc -hls -hls-analyze-label -hls-analyze-pragma -fno-exceptions -D__llvm__ -w /home/max/work/MaxConvNet/HLS/model/solution1/.autopilot/db/relu.pragma.2.cpp -fno-math-errno -c -emit-llvm -O0 -mllvm -disable-llvm-optzns -fno-threadsafe-statics -fno-use-cxa-atexit -DAESL_SYN -D__SYNTHESIS__ -D__HLS_SYN__ -I /opt/xilinx/Vivado/2019.2/common/technology/autopilot -I /opt/xilinx/Vivado/2019.2/common/technology/autopilot/ap_sysc -include etc/autopilot_ssdm_op.h -D__DSP48E2__ -g -o /home/max/work/MaxConvNet/HLS/model/solution1/.autopilot/db/relu.bc
Command       clang done; 1.35 sec.
INFO: [HLS 200-10] Analyzing design file 'softmax.cpp' ... 
INFO-FLOW: Compiling one TU...
Execute       is_m_axi_addr64 
INFO-FLOW: Handling softmax.cpp as C++
Execute       ap_part_info -name xczu3eg-sbva484-1-e -data info 
Execute       is_encrypted softmax.cpp 
Execute       ap_part_info -name xczu3eg-sbva484-1-e -data info 
INFO-FLOW: Running: GCC PP
INFO-FLOW: Source preprocessing
Execute       clang  -fno-limit-debug-info -gcc-toolchain "/opt/xilinx/Vivado/2019.2/lnx64/tools/gcc" -hls  -fno-exceptions  -D__llvm__  -E "softmax.cpp"     -fno-math-errno -c -emit-llvm -O0  -mllvm -disable-llvm-optzns -fno-threadsafe-statics  -fno-use-cxa-atexit  -fno-threadsafe-statics -fno-use-cxa-atexit -D__CLANG_3_1__ -DAESL_SYN -D__SYNTHESIS__ -D__HLS_SYN__ -I "/opt/xilinx/Vivado/2019.2/common/technology/autopilot" -I "/opt/xilinx/Vivado/2019.2/common/technology/autopilot/ap_sysc" -include etc/autopilot_ssdm_op.h -D__DSP48E2__  -o "/home/max/work/MaxConvNet/HLS/model/solution1/.autopilot/db/softmax.pp.0.cpp" 
INFO-FLOW: exec /opt/xilinx/Vivado/2019.2/lnx64/tools/clang/bin/clang -fno-limit-debug-info -gcc-toolchain /opt/xilinx/Vivado/2019.2/lnx64/tools/gcc -hls -fno-exceptions -D__llvm__ -E softmax.cpp -fno-math-errno -c -emit-llvm -O0 -mllvm -disable-llvm-optzns -fno-threadsafe-statics -fno-use-cxa-atexit -fno-threadsafe-statics -fno-use-cxa-atexit -D__CLANG_3_1__ -DAESL_SYN -D__SYNTHESIS__ -D__HLS_SYN__ -I /opt/xilinx/Vivado/2019.2/common/technology/autopilot -I /opt/xilinx/Vivado/2019.2/common/technology/autopilot/ap_sysc -include etc/autopilot_ssdm_op.h -D__DSP48E2__ -o /home/max/work/MaxConvNet/HLS/model/solution1/.autopilot/db/softmax.pp.0.cpp
Command       clang done; 1.41 sec.
Execute       tidy_31 xilinx-xfmat-array-geometry /home/max/work/MaxConvNet/HLS/model/solution1/.autopilot/db/softmax.pp.0.cpp std=gnu++98 
INFO-FLOW: exec /opt/xilinx/Vivado/2019.2/lnx64/tools/clang-3.9-csynth/bin/tidy-3.1 -header-filter=.* -checks=-*,xilinx-xfmat-array-geometry -quiet -fix /home/max/work/MaxConvNet/HLS/model/solution1/.autopilot/db/softmax.pp.0.cpp -- -std=gnu++98 -fhls -ferror-limit=0
INFO-FLOW: Syntax Checking before pre-processing...
Execute       clang -syntaxcheck -src /home/max/work/MaxConvNet/HLS/model/solution1/.autopilot/db/softmax.pp.0.cpp  -fno-limit-debug-info -gcc-toolchain "/opt/xilinx/Vivado/2019.2/lnx64/tools/gcc" -hls    -fno-math-errno -c -emit-llvm -O0  -mllvm -disable-llvm-optzns -fno-threadsafe-statics  -fno-use-cxa-atexit  -fno-threadsafe-statics -fno-use-cxa-atexit -D__CLANG_3_1__ -DAESL_SYN -D__SYNTHESIS__ -D__HLS_SYN__ -I "/opt/xilinx/Vivado/2019.2/common/technology/autopilot" -I "/opt/xilinx/Vivado/2019.2/common/technology/autopilot/ap_sysc" -include etc/autopilot_ssdm_op.h -D__DSP48E2__  "/home/max/work/MaxConvNet/HLS/model/solution1/.autopilot/db/softmax.pp.0.cpp"  -o "/home/max/work/MaxConvNet/HLS/model/solution1/.autopilot/db/useless.bc"  
INFO-FLOW: exec /opt/xilinx/Vivado/2019.2/lnx64/tools/clang/bin/clang -fno-limit-debug-info -gcc-toolchain /opt/xilinx/Vivado/2019.2/lnx64/tools/gcc -hls -fno-math-errno -c -emit-llvm -O0 -mllvm -disable-llvm-optzns -fno-threadsafe-statics -fno-use-cxa-atexit -fno-threadsafe-statics -fno-use-cxa-atexit -D__CLANG_3_1__ -DAESL_SYN -D__SYNTHESIS__ -D__HLS_SYN__ -I /opt/xilinx/Vivado/2019.2/common/technology/autopilot -I /opt/xilinx/Vivado/2019.2/common/technology/autopilot/ap_sysc -include etc/autopilot_ssdm_op.h -D__DSP48E2__ /home/max/work/MaxConvNet/HLS/model/solution1/.autopilot/db/softmax.pp.0.cpp -o /home/max/work/MaxConvNet/HLS/model/solution1/.autopilot/db/useless.bc
Command       clang done; 1.38 sec.
INFO-FLOW: Done: GCC PP time: 2.8 seconds per iteration
Execute       list_core -type functional_unit 
Execute       tidy_31 xilinx-systemc-detector /home/max/work/MaxConvNet/HLS/model/solution1/.autopilot/db/softmax.pp.0.cpp std=gnu++98 -directive=/home/max/work/MaxConvNet/HLS/model/solution1/.autopilot/db/.systemc_flag 
INFO-FLOW: exec /opt/xilinx/Vivado/2019.2/lnx64/tools/clang-3.9-csynth/bin/tidy-3.1 -header-filter=.* -checks=-*,xilinx-systemc-detector -import-directive=/home/max/work/MaxConvNet/HLS/model/solution1/.autopilot/db/.systemc_flag -quiet -fix-errors /home/max/work/MaxConvNet/HLS/model/solution1/.autopilot/db/softmax.pp.0.cpp -- -std=gnu++98 -fhls -ferror-limit=0
INFO-FLOW: Running: tidy-3.1 CDT preprocess
Execute       tidy_31 xilinx-directive2pragma /home/max/work/MaxConvNet/HLS/model/solution1/.autopilot/db/softmax.pp.0.cpp std=gnu++98 -directive=/home/max/work/MaxConvNet/HLS/model/solution1/.autopilot/db/all.directive.json 
INFO-FLOW: exec /opt/xilinx/Vivado/2019.2/lnx64/tools/clang-3.9-csynth/bin/tidy-3.1 -header-filter=.* -checks=-*,xilinx-directive2pragma -import-directive=/home/max/work/MaxConvNet/HLS/model/solution1/.autopilot/db/all.directive.json -quiet -fix-errors /home/max/work/MaxConvNet/HLS/model/solution1/.autopilot/db/softmax.pp.0.cpp -- -std=gnu++98 -fhls -ferror-limit=0
Execute       get_config_dataflow -strict_mode 
Execute       ap_eval exec -ignorestderr /opt/xilinx/Vivado/2019.2/lnx64/tools/clang-3.9-csynth/bin/xilinx-dataflow-lawyer -export-fixes=/home/max/work/MaxConvNet/HLS/model/solution1/.autopilot/db/xilinx-dataflow-lawyer.softmax.pp.0.cpp.diag.yml /home/max/work/MaxConvNet/HLS/model/solution1/.autopilot/db/softmax.pp.0.cpp -- -std=gnu++98 -fhls -ferror-limit=0 -fstrict-dataflow > /home/max/work/MaxConvNet/HLS/model/solution1/.autopilot/db/xilinx-dataflow-lawyer.softmax.pp.0.cpp.out.log 2> /home/max/work/MaxConvNet/HLS/model/solution1/.autopilot/db/xilinx-dataflow-lawyer.softmax.pp.0.cpp.err.log 
Execute       tidy_31 -errorcheck xilinx-constantarray-param,xilinx-resource-pragma-transformer,xilinx-xfmat-array-geometry /home/max/work/MaxConvNet/HLS/model/solution1/.autopilot/db/softmax.pp.0.cpp std=gnu++98 
Execute         ap_eval exec -ignorestderr /opt/xilinx/Vivado/2019.2/lnx64/tools/clang-3.9-csynth/bin/tidy-3.1 -export-fixes=/home/max/work/MaxConvNet/HLS/model/solution1/.autopilot/db/tidy-3.1.softmax.pp.0.cpp.diag.yml -header-filter=.* -checks=-*,xilinx-constantarray-param,xilinx-resource-pragma-transformer,xilinx-xfmat-array-geometry -quiet -fix-errors /home/max/work/MaxConvNet/HLS/model/solution1/.autopilot/db/softmax.pp.0.cpp -- -std=gnu++98 -fhls -ferror-limit=0 > /home/max/work/MaxConvNet/HLS/model/solution1/.autopilot/db/tidy-3.1.softmax.pp.0.cpp.out.log 2> /home/max/work/MaxConvNet/HLS/model/solution1/.autopilot/db/tidy-3.1.softmax.pp.0.cpp.err.log 
Execute         ap_eval exec -ignorestderr /opt/xilinx/Vivado/2019.2/lnx64/tools/clang-3.9-csynth/bin/xilinx-legacy-rewriter /home/max/work/MaxConvNet/HLS/model/solution1/.autopilot/db/softmax.pp.0.cpp -- -std=gnu++98 -fhls -ferror-limit=0 > /home/max/work/MaxConvNet/HLS/model/solution1/.autopilot/db/xilinx-legacy-rewriter.softmax.pp.0.cpp.out.log 2> /home/max/work/MaxConvNet/HLS/model/solution1/.autopilot/db/xilinx-legacy-rewriter.softmax.pp.0.cpp.err.log 
INFO-FLOW: Done: tidy-3.1 CDT preprocess time: 0.1 seconds per iteration
INFO-FLOW: Pragma Handling...
Execute       tidy_31 xilinx-ssdm-intrinsics-arguments /home/max/work/MaxConvNet/HLS/model/solution1/.autopilot/db/softmax.pragma.1.cpp std=gnu++98 
INFO-FLOW: exec /opt/xilinx/Vivado/2019.2/lnx64/tools/clang-3.9-csynth/bin/tidy-3.1 -header-filter=.* -checks=-*,xilinx-ssdm-intrinsics-arguments -quiet -fix-errors /home/max/work/MaxConvNet/HLS/model/solution1/.autopilot/db/softmax.pragma.1.cpp -- -std=gnu++98 -fhls -ferror-limit=0
Execute       ap_part_info -name xczu3eg-sbva484-1-e -data info 
INFO-FLOW: Processing labels
Execute       clang -src /home/max/work/MaxConvNet/HLS/model/solution1/.autopilot/db/softmax.pragma.2.cpp  -fno-limit-debug-info -gcc-toolchain /opt/xilinx/Vivado/2019.2/lnx64/tools/gcc -hls -hls-analyze-label -hls-analyze-pragma -fno-exceptions  -D__llvm__  -w  "/home/max/work/MaxConvNet/HLS/model/solution1/.autopilot/db/softmax.pragma.2.cpp"    -fno-math-errno -c -emit-llvm -O0  -mllvm -disable-llvm-optzns -fno-threadsafe-statics  -fno-use-cxa-atexit -DAESL_SYN -D__SYNTHESIS__ -D__HLS_SYN__ -I "/opt/xilinx/Vivado/2019.2/common/technology/autopilot" -I "/opt/xilinx/Vivado/2019.2/common/technology/autopilot/ap_sysc" -include etc/autopilot_ssdm_op.h -D__DSP48E2__ -g -o "/home/max/work/MaxConvNet/HLS/model/solution1/.autopilot/db/softmax.bc" 
INFO-FLOW: exec /opt/xilinx/Vivado/2019.2/lnx64/tools/clang/bin/clang -fno-limit-debug-info -gcc-toolchain /opt/xilinx/Vivado/2019.2/lnx64/tools/gcc -hls -hls-analyze-label -hls-analyze-pragma -fno-exceptions -D__llvm__ -w /home/max/work/MaxConvNet/HLS/model/solution1/.autopilot/db/softmax.pragma.2.cpp -fno-math-errno -c -emit-llvm -O0 -mllvm -disable-llvm-optzns -fno-threadsafe-statics -fno-use-cxa-atexit -DAESL_SYN -D__SYNTHESIS__ -D__HLS_SYN__ -I /opt/xilinx/Vivado/2019.2/common/technology/autopilot -I /opt/xilinx/Vivado/2019.2/common/technology/autopilot/ap_sysc -include etc/autopilot_ssdm_op.h -D__DSP48E2__ -g -o /home/max/work/MaxConvNet/HLS/model/solution1/.autopilot/db/softmax.bc
Command       clang done; 1.4 sec.
INFO-FLOW: Linking Debug ...
Execute       llvm-ld /home/max/work/MaxConvNet/HLS/model/solution1/.autopilot/db/conv.g.bc /home/max/work/MaxConvNet/HLS/model/solution1/.autopilot/db/conv_net.g.bc /home/max/work/MaxConvNet/HLS/model/solution1/.autopilot/db/linear.g.bc /home/max/work/MaxConvNet/HLS/model/solution1/.autopilot/db/pooling.g.bc /home/max/work/MaxConvNet/HLS/model/solution1/.autopilot/db/relu.g.bc /home/max/work/MaxConvNet/HLS/model/solution1/.autopilot/db/softmax.g.bc -hls-opt -except-internalize MaxConvNet -L/opt/xilinx/Vivado/2019.2/lnx64/lib -lhlsm -lhlsmc++ -o /home/max/work/MaxConvNet/HLS/model/solution1/.autopilot/db/a.g 
Command       llvm-ld done; 0.79 sec.
INFO: [HLS 200-111] Finished Linking Time (s): cpu = 00:00:30 ; elapsed = 00:00:31 . Memory (MB): peak = 964.066 ; gain = 523.090 ; free physical = 10195 ; free virtual = 14459
INFO: [HLS 200-111] Finished Checking Pragmas Time (s): cpu = 00:00:30 ; elapsed = 00:00:31 . Memory (MB): peak = 964.066 ; gain = 523.090 ; free physical = 10195 ; free virtual = 14459
Execute       get_config_sdx -target 
Execute       opt_and_import_c a -opt_level=2 -skip_syncheck=0 -ng=0 -keep_printf=0 
Execute         cleanup_all_models 
INFO: [HLS 200-10] Starting code transformations ...
Execute         transform -promote-dbg-pointer /home/max/work/MaxConvNet/HLS/model/solution1/.autopilot/db/a.pp.bc -o /home/max/work/MaxConvNet/HLS/model/solution1/.autopilot/db/a.pp.0.bc -f 
Execute         llvm-ld /home/max/work/MaxConvNet/HLS/model/solution1/.autopilot/db/a.pp.0.bc -disable-opt -L/opt/xilinx/Vivado/2019.2/lnx64/lib -lfloatconversion -o /home/max/work/MaxConvNet/HLS/model/solution1/.autopilot/db/a.g.0 
Command         llvm-ld done; 0.71 sec.
INFO-FLOW: Running Standard Transforms...
Execute         transform -hls -share-std-xform -demangle-name -inline-byval-memcpy -always-inline -promote-dbg-pointer -interface-preproc -mem2reg -scalarrepl -mem2reg -keep-read-access -instcombine -dce -promote-dbg-pointer -bitop-raise -loop-simplify -indvarspre -indvars -loop-simplify -xunroll -constprop -instcombine -simplifycfg -indvars -simplifycfg -dce -globaldce -basicaa -simplifycfg -mem2reg -globalopt -global-constprop -deadargelim -instcombine -simplifycfg -prune-eh -simplifycfg -scalarrepl -instcombine -reassociate -licm -simplifycfg -loop-simplify -indvars -instcombine -simplifycfg -mem2reg -loop-simplify -indvars -instcombine -gvn -gvn -instcombine -adce -break-crit-edges -simplifycfg -loop-delete -global-array-opt -dce -dse -adce -find-syn-modules -top MaxConvNet -deadargelim -mem2reg -instcombine -dce -presyn-prepare -auto-rom-infer -interface-preproc -syn-check -check-rec-only -find-region -simplifycfg -func-extr -function-inline -globaldce -mem2reg -instcombine -dce -gvn -globaldce -adce -adse -constprop -instcombine -bit-constprop -instcombine -dce -simplifycfg -bitop-raise -simplifycfg -dce -loop-delete -reassociate -globalopt -global-privatize -mem2reg -dce -global-constprop -pointer-simplify -constprop -dce -func-inst -deadargelim -auto-shift-reg-idiom -promote-dbg-pointer -norm-name /home/max/work/MaxConvNet/HLS/model/solution1/.autopilot/db/a.g.0.bc -o /home/max/work/MaxConvNet/HLS/model/solution1/.autopilot/db/a.g.1.bc -f -phase std-opt 
ERROR: [SYNCHK 200-79] Cannot find the top function 'MaxConvNet' in the design. Possible causes are: (1) the top function name is misspelled; (2) the top function is nonexistent or declared as static.
Command         transform done; error code: 1; 
ERROR: [HLS 200-70] Synthesizability check failed.
Command       opt_and_import_c done; error code: 2; 0.8 sec.
Command     elaborate done; error code: 2; 30.14 sec.
Command   csynth_design done; error code: 2; 30.14 sec.
Command ap_source done; error code: 1; 31.74 sec.
Execute cleanup_all 
